2024-06-21T21:47:24.956778+0300 INFO server_error: True
2024-06-21T21:47:24.963206+0300 INFO server_message: Resource Error
2024-06-21T21:47:34.910119+0300 INFO server_error: True
2024-06-21T21:47:34.914270+0300 INFO server_message: Resource Error
2024-06-21T21:48:38.843798+0300 INFO server_error: True
2024-06-21T21:48:38.846798+0300 INFO server_message: Resource Error
2024-06-21T21:49:20.703367+0300 INFO server_error: True
2024-06-21T21:49:20.705368+0300 INFO server_message: Resource Error
2024-06-21T21:56:53.590448+0300 INFO server_error: True
2024-06-21T21:56:53.618502+0300 INFO server_message: Resource Error
2024-06-21T21:57:06.303944+0300 INFO server_error: True
2024-06-21T21:57:06.307764+0300 INFO server_message: Resource Error
2024-06-21T21:57:29.802349+0300 INFO server_error: False
2024-06-21T21:57:29.806389+0300 INFO server_message: Success
2024-06-21T21:57:35.198149+0300 INFO server_error: False
2024-06-21T21:57:35.207238+0300 INFO server_message: Success
2024-06-21T21:58:07.848996+0300 INFO server_error: False
2024-06-21T21:58:07.856359+0300 INFO server_message: Success
2024-06-21T21:58:51.828293+0300 INFO server_error: False
2024-06-21T21:58:51.837922+0300 INFO server_message: Success
2024-06-21T21:59:01.667654+0300 INFO server_error: False
2024-06-21T21:59:01.680913+0300 INFO server_message: Success
2024-06-21T22:04:03.161750+0300 INFO server_error: False
2024-06-21T22:04:03.183722+0300 INFO server_message: Success
2024-06-21T22:17:59.139789+0300 INFO server_error: False
2024-06-21T22:17:59.147109+0300 INFO server_message: Login successful
2024-06-21T22:18:06.478331+0300 INFO server_error: False
2024-06-21T22:18:06.484329+0300 INFO server_message: Success
2024-06-21T22:19:17.436586+0300 INFO server_error: True
2024-06-21T22:19:17.441697+0300 INFO server_message: Validation Error
2024-06-21T22:27:17.511207+0300 INFO server_error: True
2024-06-21T22:27:17.522053+0300 INFO server_message: Validation Error
2024-06-21T22:27:24.323197+0300 INFO server_error: True
2024-06-21T22:27:24.328224+0300 INFO server_message: Validation Error
2024-06-21T22:28:00.843170+0300 INFO server_error: True
2024-06-21T22:28:00.847171+0300 INFO server_message: Validation Error
2024-06-21T22:28:08.121386+0300 INFO server_error: False
2024-06-21T22:28:08.127394+0300 INFO server_message: Success
2024-06-21T22:28:11.049641+0300 INFO server_error: False
2024-06-21T22:28:11.061229+0300 INFO server_message: Success
2024-06-21T22:30:04.212812+0300 INFO server_error: False
2024-06-21T22:30:04.220839+0300 INFO server_message: Success
2024-06-21T22:30:12.533991+0300 INFO server_error: False
2024-06-21T22:30:12.536997+0300 INFO server_message: Success
2024-06-21T22:34:22.849042+0300 INFO server_error: False
2024-06-21T22:34:22.854245+0300 INFO server_message: Success
2024-06-21T22:34:24.499419+0300 INFO server_error: False
2024-06-21T22:34:24.504423+0300 INFO server_message: Success
2024-06-21T22:34:36.452012+0300 INFO server_error: False
2024-06-21T22:34:36.455057+0300 INFO server_message: Success
2024-06-21T22:34:36.483528+0300 INFO server_error: False
2024-06-21T22:34:36.485847+0300 INFO server_message: Success
2024-06-21T22:34:38.094956+0300 INFO server_error: False
2024-06-21T22:34:38.097951+0300 INFO server_message: Success
2024-06-21T22:36:27.945484+0300 INFO server_error: False
2024-06-21T22:36:27.949502+0300 INFO server_message: Success
2024-06-21T22:36:27.978486+0300 INFO server_error: False
2024-06-21T22:36:27.983488+0300 INFO server_message: Success
2024-06-21T22:36:29.502237+0300 INFO server_error: False
2024-06-21T22:36:29.517241+0300 INFO server_message: Success
2024-06-21T22:38:23.491964+0300 INFO server_error: False
2024-06-21T22:38:23.497963+0300 INFO server_message: Success
2024-06-21T22:38:25.491410+0300 INFO server_error: False
2024-06-21T22:38:25.496421+0300 INFO server_message: Success
2024-06-21T22:39:37.990987+0300 INFO server_error: False
2024-06-21T22:39:37.995972+0300 INFO server_message: Success
2024-06-21T22:39:45.338546+0300 INFO server_error: False
2024-06-21T22:39:45.340625+0300 INFO server_message: Success
2024-06-21T22:42:57.666207+0300 INFO server_error: False
2024-06-21T22:42:57.672030+0300 INFO server_message: Success
2024-06-21T22:47:08.735287+0300 INFO server_error: False
2024-06-21T22:47:08.744285+0300 INFO server_message: Success
2024-06-21T22:47:15.607858+0300 INFO server_error: False
2024-06-21T22:47:15.610842+0300 INFO server_message: Success
2024-06-21T22:50:02.588979+0300 INFO server_error: False
2024-06-21T22:50:02.605077+0300 INFO server_message: Login successful
2024-06-21T22:50:17.331113+0300 INFO server_error: False
2024-06-21T22:50:17.336311+0300 INFO server_message: Success
2024-06-21T22:50:18.977205+0300 INFO server_error: False
2024-06-21T22:50:18.982207+0300 INFO server_message: Success
2024-06-21T22:50:31.665530+0300 INFO server_error: False
2024-06-21T22:50:31.681537+0300 INFO server_message: Success
2024-06-21T22:50:34.726035+0300 INFO server_error: False
2024-06-21T22:50:34.739032+0300 INFO server_message: Success
2024-06-21T22:50:48.724252+0300 INFO server_error: False
2024-06-21T22:50:48.728289+0300 INFO server_message: Success
2024-06-21T22:50:50.557133+0300 INFO server_error: False
2024-06-21T22:50:50.562396+0300 INFO server_message: Success
2024-06-21T22:57:29.552097+0300 INFO server_error: True
2024-06-21T22:57:29.570100+0300 INFO server_message: Resource Error
2024-06-21T22:57:32.594507+0300 INFO server_error: True
2024-06-21T22:57:32.596511+0300 INFO server_message: Resource Error
2024-06-21T23:15:37.899292+0300 INFO server_error: False
2024-06-21T23:15:37.908726+0300 INFO server_message: Success
2024-06-21T23:15:55.294581+0300 INFO server_error: False
2024-06-21T23:15:55.316866+0300 INFO server_message: Success
2024-06-21T23:16:08.728282+0300 INFO server_error: False
2024-06-21T23:16:08.730292+0300 INFO server_message: Success
2024-06-21T23:16:09.953141+0300 INFO server_error: False
2024-06-21T23:16:09.957637+0300 INFO server_message: Success
2024-06-21T23:20:40.688502+0300 INFO server_error: False
2024-06-21T23:20:40.691513+0300 INFO server_message: Login successful
2024-06-21T23:20:46.138076+0300 INFO server_error: False
2024-06-21T23:20:46.141087+0300 INFO server_message: Success
2024-06-21T23:20:47.901808+0300 INFO server_error: False
2024-06-21T23:20:47.904805+0300 INFO server_message: Success
2024-06-21T23:39:12.392638+0300 INFO server_error: False
2024-06-21T23:39:12.393637+0300 INFO server_message: Success
2024-06-21T23:39:12.736108+0300 INFO server_error: False
2024-06-21T23:39:12.738126+0300 INFO server_message: Success
2024-06-21T23:41:56.523047+0300 INFO server_error: False
2024-06-21T23:41:56.524391+0300 INFO server_message: Success
2024-06-21T23:42:01.876463+0300 INFO server_error: False
2024-06-21T23:42:01.877487+0300 INFO server_message: Success
2024-06-21T23:42:02.412945+0300 INFO server_error: False
2024-06-21T23:42:02.420753+0300 INFO server_message: Success
2024-06-21T23:45:40.883047+0300 INFO server_error: False
2024-06-21T23:45:40.887137+0300 INFO server_message: Login successful
